
================================================================
======== txAdmin starting - 5/6/2021, 00:22:32
================================================================
[00:23:30][127.0.0.1][dianadi021] Changing global settings via setup stepper and started Deployer.
[00:23:35][127.0.0.1][dianadi021] Setting recipe.
[00:23:42][127.0.0.1][dianadi021] Running recipe.
[00:24:57][127.0.0.1][dianadi021] Configured server.cfg from deployer.
[00:24:57][127.0.0.1][dianadi021] Completed and committed server deploy.
[00:26:56][127.0.0.1][dianadi021] svgui

================================================================
======== txAdmin starting - 5/6/2021, 00:30:53
================================================================

================================================================
======== txAdmin starting - 5/6/2021, 01:07:43
================================================================

================================================================
======== txAdmin starting - 5/6/2021, 01:15:01
================================================================

================================================================
======== txAdmin starting - 5/6/2021, 01:18:51
================================================================

================================================================
======== txAdmin starting - 5/6/2021, 01:29:06
================================================================

================================================================
======== txAdmin starting - 5/6/2021, 01:30:43
================================================================

================================================================
======== txAdmin starting - 5/6/2021, 01:41:28
================================================================

================================================================
======== txAdmin starting - 5/6/2021, 01:48:17
================================================================

================================================================
======== txAdmin starting - 5/6/2021, 02:04:09
================================================================

================================================================
======== txAdmin starting - 5/6/2021, 02:14:36
================================================================

================================================================
======== txAdmin starting - 5/6/2021, 02:15:49
================================================================

================================================================
======== txAdmin starting - 5/6/2021, 02:16:46
================================================================

================================================================
======== txAdmin starting - 5/6/2021, 02:31:53
================================================================

================================================================
======== txAdmin starting - 5/6/2021, 02:39:26
================================================================

================================================================
======== txAdmin starting - 5/6/2021, 02:57:29
================================================================

================================================================
======== txAdmin starting - 5/6/2021, 03:01:16
================================================================

================================================================
======== txAdmin starting - 5/6/2021, 03:01:35
================================================================

================================================================
======== txAdmin starting - 5/6/2021, 03:13:02
================================================================

================================================================
======== txAdmin starting - 5/6/2021, 08:30:54
================================================================

================================================================
======== txAdmin starting - 5/6/2021, 09:22:33
================================================================

================================================================
======== txAdmin starting - 5/6/2021, 09:39:11
================================================================

================================================================
======== txAdmin starting - 5/6/2021, 21:40:06
================================================================

================================================================
======== txAdmin starting - 5/6/2021, 23:34:42
================================================================

================================================================
======== txAdmin starting - 5/7/2021, 00:25:34
================================================================

================================================================
======== txAdmin starting - 5/7/2021, 02:12:18
================================================================

================================================================
======== txAdmin starting - 5/7/2021, 02:58:02
================================================================

================================================================
======== txAdmin starting - 5/7/2021, 06:24:00
================================================================

================================================================
======== txAdmin starting - 5/7/2021, 06:31:46
================================================================

================================================================
======== txAdmin starting - 5/7/2021, 06:38:03
================================================================

================================================================
======== txAdmin starting - 5/7/2021, 06:51:23
================================================================

================================================================
======== txAdmin starting - 5/7/2021, 06:52:29
================================================================

================================================================
======== txAdmin starting - 5/7/2021, 09:00:06
================================================================

================================================================
======== txAdmin starting - 5/7/2021, 17:21:32
================================================================

================================================================
======== txAdmin starting - 5/8/2021, 00:35:50
================================================================

================================================================
======== txAdmin starting - 5/8/2021, 01:38:56
================================================================

================================================================
======== txAdmin starting - 5/8/2021, 02:18:19
================================================================

================================================================
======== txAdmin starting - 5/8/2021, 02:58:22
================================================================

================================================================
======== txAdmin starting - 5/8/2021, 03:02:05
================================================================

================================================================
======== txAdmin starting - 5/9/2021, 08:10:23
================================================================

================================================================
======== txAdmin starting - 5/9/2021, 08:16:08
================================================================

================================================================
======== txAdmin starting - 5/9/2021, 08:20:34
================================================================

================================================================
======== txAdmin starting - 5/9/2021, 08:24:34
================================================================

================================================================
======== txAdmin starting - 5/9/2021, 08:36:48
================================================================

================================================================
======== txAdmin starting - 5/9/2021, 08:45:58
================================================================

================================================================
======== txAdmin starting - 5/9/2021, 08:59:29
================================================================

================================================================
======== txAdmin starting - 5/9/2021, 09:07:00
================================================================

================================================================
======== txAdmin starting - 5/9/2021, 09:19:29
================================================================

================================================================
======== txAdmin starting - 5/20/2021, 21:43:34
================================================================

================================================================
======== txAdmin starting - 5/20/2021, 21:51:17
================================================================

================================================================
======== txAdmin starting - 5/20/2021, 22:42:08
================================================================

================================================================
======== txAdmin starting - 5/20/2021, 22:47:45
================================================================

================================================================
======== txAdmin starting - 5/26/2021, 15:24:16
================================================================

================================================================
======== txAdmin starting - 5/26/2021, 15:28:46
================================================================

================================================================
======== txAdmin starting - 5/26/2021, 15:42:52
================================================================

================================================================
======== txAdmin starting - 6/2/2021, 16:57:04
================================================================

================================================================
======== txAdmin starting - 6/2/2021, 17:17:18
================================================================

================================================================
======== txAdmin starting - 6/2/2021, 17:28:57
================================================================

================================================================
======== txAdmin starting - 6/2/2021, 19:03:40
================================================================

================================================================
======== txAdmin starting - 6/10/2021, 17:17:04
================================================================

================================================================
======== txAdmin starting - 6/10/2021, 17:17:33
================================================================

================================================================
======== txAdmin starting - 6/10/2021, 17:21:47
================================================================

================================================================
======== txAdmin starting - 6/10/2021, 17:57:55
================================================================

================================================================
======== txAdmin starting - 6/10/2021, 18:08:19
================================================================

================================================================
======== txAdmin starting - 6/10/2021, 18:45:50
================================================================

================================================================
======== txAdmin starting - 6/10/2021, 18:46:38
================================================================

================================================================
======== txAdmin starting - 6/11/2021, 00:38:50
================================================================
