
================================================================
======== FXServer starting - 5/26/2021, 15:42:55
================================================================
[38;5;171m[                 cmd] No such config file: /home/admin/skuadcity/txData/server-data/resources/vMenu/config/permissions.cfg
[38;5;161m[    c-scripting-core] Creating script environments for _cfx_internal
[38;5;73m[ citizen-server-impl] Scanning resources.
[38;5;73m[ citizen-server-impl] Found 138 resources.
[38;5;73m[ citizen-server-impl] Some resources have an outdated resource manifest:
[38;5;73m[ citizen-server-impl]     - baseevents
[38;5;73m[ citizen-server-impl]     - esx_addons_gcphone
[38;5;73m[ citizen-server-impl]     - im_samsat
[38;5;73m[ citizen-server-impl]     - ls-radio
[38;5;73m[ citizen-server-impl]     - new_banking
[38;5;73m[ citizen-server-impl]     - pNotify
[38;5;73m[ citizen-server-impl]     - salty_crafting
[38;5;73m[ citizen-server-impl]     - sessionmanager
[38;5;73m[ citizen-server-impl] 
[38;5;73m[ citizen-server-impl] Please update these resources.
[38;5;161m[    c-scripting-core] Creating script environments for sessionmanager
[38;5;73m[ citizen-server-impl] Started resource sessionmanager
[38;5;161m[    c-scripting-core] Creating script environments for monitor
[38;5;84m[      script:monitor] [txAdminClient] Version 3.7.0 starting...
[38;5;73m[ citizen-server-impl] Started resource monitor
[38;5;171m[                 cmd] No such config file: /home/admin/skuadcity/txData/server-data/resources/vMenu/config/permissions.cfg
[38;5;161m[    c-scripting-core] Creating script environments for mapmanager
[38;5;73m[ citizen-server-impl] Started resource mapmanager
[38;5;161m[    c-scripting-core] Creating script environments for chat
[38;5;73m[ citizen-server-impl] Started resource chat
[38;5;73m[ citizen-server-impl] Started resource spawnmanager
[38;5;161m[    c-scripting-core] Creating script environments for hardcap
[38;5;73m[ citizen-server-impl] Started resource hardcap
[38;5;161m[    c-scripting-core] Creating script environments for mysql-async
[38;5;73m[ citizen-server-impl] Started resource mysql-async
[38;5;161m[    c-scripting-core] Creating script environments for async
[38;5;73m[ citizen-server-impl] Started resource async
[38;5;161m[    c-scripting-core] Creating script environments for cron
[38;5;73m[ citizen-server-impl] Started resource cron
[38;5;161m[    c-scripting-core] Creating script environments for instance
[38;5;73m[ citizen-server-impl] Started resource instance
[38;5;73m[ citizen-server-impl] Started resource skinchanger
[38;5;161m[    c-scripting-core] Creating script environments for es_extended
[38;5;73m[ citizen-server-impl] Started resource es_extended
[38;5;73m[ citizen-server-impl] Started resource esx_menu_default
[38;5;73m[ citizen-server-impl] Started resource esx_menu_dialog
[38;5;73m[ citizen-server-impl] Started resource esx_menu_list
[38;5;161m[    c-scripting-core] Creating script environments for esx_identity
[38;5;73m[ citizen-server-impl] Started resource esx_identity
[38;5;161m[    c-scripting-core] Creating script environments for esx_skin
[38;5;73m[ citizen-server-impl] Started resource esx_skin
[38;5;161m[    c-scripting-core] Creating script environments for esx_status
[38;5;73m[ citizen-server-impl] Started resource esx_status
[38;5;161m[    c-scripting-core] Creating script environments for esx_basicneeds
[38;5;73m[ citizen-server-impl] Started resource esx_basicneeds
[38;5;161m[    c-scripting-core] Creating script environments for esx_addonaccount
[38;5;73m[ citizen-server-impl] Started resource esx_addonaccount
[38;5;161m[    c-scripting-core] Creating script environments for esx_addoninventory
[38;5;73m[ citizen-server-impl] Started resource esx_addoninventory
[38;5;161m[    c-scripting-core] Creating script environments for esx_datastore
[38;5;73m[ citizen-server-impl] Started resource esx_datastore
[38;5;161m[    c-scripting-core] Creating script environments for esx_society
[38;5;73m[ citizen-server-impl] Started resource esx_society
[38;5;161m[    c-scripting-core] Creating script environments for esx_service
[38;5;73m[ citizen-server-impl] Started resource esx_service
[38;5;161m[    c-scripting-core] Creating script environments for esx_billing
[38;5;73m[ citizen-server-impl] Started resource esx_billing
[38;5;161m[    c-scripting-core] Creating script environments for esx_license
[38;5;73m[ citizen-server-impl] Started resource esx_license
[38;5;161m[    c-scripting-core] Creating script environments for esx_property
[38;5;73m[ citizen-server-impl] Started resource esx_property
[38;5;161m[    c-scripting-core] Creating script environments for esx_advancedgarage
[38;5;73m[ citizen-server-impl] Started resource esx_advancedgarage
[38;5;161m[    c-scripting-core] Creating script environments for esx_vehicleshop
[38;5;73m[ citizen-server-impl] Started resource esx_vehicleshop
[38;5;161m[    c-scripting-core] Creating script environments for esx_tattooshop
[38;5;73m[ citizen-server-impl] Started resource esx_tattooshop
[38;5;161m[    c-scripting-core] Creating script environments for esx_licenseshop
[38;5;73m[ citizen-server-impl] Started resource esx_licenseshop
[38;5;161m[    c-scripting-core] Creating script environments for esx_giveownedcar
[38;5;73m[ citizen-server-impl] Started resource esx_giveownedcar
[38;5;161m[    c-scripting-core] Creating script environments for esx_doorlock
[38;5;73m[ citizen-server-impl] Started resource esx_doorlock
[38;5;161m[    c-scripting-core] Creating script environments for esx_document
[38;5;73m[ citizen-server-impl] Started resource esx_document
[38;5;161m[    c-scripting-core] Creating script environments for esx_addons_gcphone
[38;5;73m[ citizen-server-impl] Started resource esx_addons_gcphone
[38;5;161m[    c-scripting-core] Creating script environments for gcphone
[38;5;73m[ citizen-server-impl] Started resource gcphone
[38;5;161m[    c-scripting-core] Creating script environments for yarn
[38;5;73m[ citizen-server-impl] Started resource yarn
[38;5;161m[    c-scripting-core] Creating script environments for webpack
[38;5;73m[ citizen-server-impl] Started resource webpack
[38;5;161m[    c-scripting-core] Creating script environments for screenshot-basic
[38;5;73m[ citizen-server-impl] Started resource screenshot-basic
[38;5;161m[    c-scripting-core] Creating script environments for esx_jobs
[38;5;73m[ citizen-server-impl] Started resource esx_jobs
[38;5;161m[    c-scripting-core] Creating script environments for esx_joblisting
[38;5;73m[ citizen-server-impl] Started resource esx_joblisting
[38;5;161m[    c-scripting-core] Creating script environments for esx_policejob
[38;5;153m[script:esx_addons_gc] = INFO = Enregistrement du telephone police => Police alert
[38;5;54m[      script:gcphone] = INFO = Registered number for police => Police alert
[38;5;73m[ citizen-server-impl] Started resource esx_policejob
[38;5;161m[    c-scripting-core] Creating script environments for esx_pedagang
[38;5;153m[script:esx_addons_gc] = INFO = Enregistrement du telephone pedagang => Client Pedagang
[38;5;54m[      script:gcphone] = INFO = Registered number for pedagang => Client Pedagang
[38;5;73m[ citizen-server-impl] Started resource esx_pedagang
[38;5;161m[    c-scripting-core] Creating script environments for esx_ambulancejob
[38;5;153m[script:esx_addons_gc] = INFO = Enregistrement du telephone ambulance => Info Ambulance
[38;5;54m[      script:gcphone] = INFO = Registered number for ambulance => Info Ambulance
[38;5;73m[ citizen-server-impl] Started resource esx_ambulancejob
[38;5;161m[    c-scripting-core] Creating script environments for esx_mechanicjob
[38;5;153m[script:esx_addons_gc] = INFO = Enregistrement du telephone mechanic => Mechanic Customer
[38;5;54m[      script:gcphone] = INFO = Registered number for mechanic => Mechanic Customer
[38;5;73m[ citizen-server-impl] Started resource esx_mechanicjob
[38;5;161m[    c-scripting-core] Creating script environments for esx_taxijob
[38;5;153m[script:esx_addons_gc] = INFO = Enregistrement du telephone taxi => Taxi Client
[38;5;54m[      script:gcphone] = INFO = Registered number for taxi => Taxi Client
[38;5;73m[ citizen-server-impl] Started resource esx_taxijob
[38;5;161m[    c-scripting-core] Creating script environments for esx_lscustom
[38;5;73m[ citizen-server-impl] Started resource esx_lscustom
[38;5;161m[    c-scripting-core] Creating script environments for esx_shops
[38;5;73m[ citizen-server-impl] Started resource esx_shops
[38;5;161m[    c-scripting-core] Creating script environments for esx_weaponshop
[38;5;73m[ citizen-server-impl] Started resource esx_weaponshop
[38;5;161m[    c-scripting-core] Creating script environments for esx_clotheshop
[38;5;73m[ citizen-server-impl] Started resource esx_clotheshop
[38;5;161m[    c-scripting-core] Creating script environments for esx_plasticsurgery
[38;5;73m[ citizen-server-impl] Started resource esx_plasticsurgery
[38;5;161m[    c-scripting-core] Creating script environments for esx-qalle-jail
[38;5;73m[ citizen-server-impl] Started resource esx-qalle-jail
[38;5;161m[    c-scripting-core] Creating script environments for esx_barbershop
[38;5;73m[ citizen-server-impl] Started resource esx_barbershop
[38;5;161m[    c-scripting-core] Creating script environments for esx_vehicleshopimport
[38;5;153m[script:esx_addons_gc] = INFO = Enregistrement du telephone cardealer => Dealer customers
[38;5;54m[      script:gcphone] = INFO = Registered number for cardealer => Dealer customers
[38;5;73m[ citizen-server-impl] Started resource esx_vehicleshopimport
[38;5;161m[    c-scripting-core] Creating script environments for esx_illegal
[38;5;73m[ citizen-server-impl] Started resource esx_illegal
[38;5;161m[    c-scripting-core] Creating script environments for esx_holdup
[38;5;73m[ citizen-server-impl] Started resource esx_holdup
[38;5;161m[    c-scripting-core] Creating script environments for esx_scoreboard
[38;5;73m[ citizen-server-impl] Started resource esx_scoreboard
[38;5;161m[    c-scripting-core] Creating script environments for esx_accessories
[38;5;73m[ citizen-server-impl] Started resource esx_accessories
[38;5;161m[    c-scripting-core] Creating script environments for esx_dmvschool
[38;5;73m[ citizen-server-impl] Started resource esx_dmvschool
[38;5;161m[    c-scripting-core] Creating script environments for esx_optionalneeds
[38;5;73m[ citizen-server-impl] Started resource esx_optionalneeds
[38;5;161m[    c-scripting-core] Creating script environments for esx_sit
[38;5;73m[ citizen-server-impl] Started resource esx_sit
[38;5;161m[    c-scripting-core] Creating script environments for esx_rpchat
[38;5;73m[ citizen-server-impl] Started resource esx_rpchat
[38;5;161m[    c-scripting-core] Creating script environments for esx_alerts
[38;5;73m[ citizen-server-impl] Started resource esx_alerts
[38;5;161m[    c-scripting-core] Creating script environments for esx_duty
[38;5;73m[ citizen-server-impl] Started resource esx_duty
[38;5;73m[ citizen-server-impl] Started resource esx_customui
[38;5;73m[ citizen-server-impl] Started resource esx-checkdeathcause
[38;5;161m[    c-scripting-core] Creating script environments for esx_ktackle
[38;5;73m[ citizen-server-impl] Started resource esx_ktackle
[38;5;161m[    c-scripting-core] Creating script environments for esx_bikerjob
[38;5;153m[script:esx_addons_gc] = INFO = Enregistrement du telephone biker => Biker alert
[38;5;54m[      script:gcphone] = INFO = Registered number for biker => Biker alert
[38;5;73m[ citizen-server-impl] Started resource esx_bikerjob
[38;5;161m[    c-scripting-core] Creating script environments for esx_carteljob
[38;5;153m[script:esx_addons_gc] = INFO = Enregistrement du telephone cartel => Cartel alert
[38;5;54m[      script:gcphone] = INFO = Registered number for cartel => Cartel alert
[38;5;73m[ citizen-server-impl] Started resource esx_carteljob
[38;5;161m[    c-scripting-core] Creating script environments for esx_gangjob
[38;5;153m[script:esx_addons_gc] = INFO = Enregistrement du telephone gang => Gang alert
[38;5;54m[      script:gcphone] = INFO = Registered number for gang => Gang alert
[38;5;73m[ citizen-server-impl] Started resource esx_gangjob
[38;5;161m[    c-scripting-core] Creating script environments for esx_mafiajob
[38;5;153m[script:esx_addons_gc] = INFO = Enregistrement du telephone mafia => Mafia alert
[38;5;54m[      script:gcphone] = INFO = Registered number for mafia => Mafia alert
[38;5;73m[ citizen-server-impl] Started resource esx_mafiajob
[38;5;161m[    c-scripting-core] Creating script environments for esx_inventoryhud
[38;5;73m[ citizen-server-impl] Started resource esx_inventoryhud
[38;5;161m[    c-scripting-core] Creating script environments for esx_inventoryhud_glovebox
[38;5;73m[ citizen-server-impl] Started resource esx_inventoryhud_glovebox
[38;5;161m[    c-scripting-core] Creating script environments for esx_inventoryhud_trunk
[38;5;73m[ citizen-server-impl] Started resource esx_inventoryhud_trunk
[38;5;73m[ citizen-server-impl] Started resource mythic_notify
[38;5;73m[ citizen-server-impl] Started resource mythic_progbar
[38;5;73m[ citizen-server-impl] Started resource pNotify
[38;5;161m[    c-scripting-core] Creating script environments for dpemotes
[38;5;133m[     script:dpemotes] [dp] Sql Keybinding is turned off, if you want to enable /emotebind, import dpkeybinding.sql and set SqlKeybinding = true in config.lua.
[38;5;73m[ citizen-server-impl] Started resource dpemotes
[38;5;73m[ citizen-server-impl] Started resource dpclothing
[38;5;73m[ citizen-server-impl] Started resource bob74_ipl
[38;5;161m[    c-scripting-core] Creating script environments for esx_adminplus
[38;5;73m[ citizen-server-impl] Started resource esx_adminplus
[38;5;161m[    c-scripting-core] Creating script environments for new_banking
[38;5;73m[ citizen-server-impl] Started resource new_banking
[38;5;73m[ citizen-server-impl] Started resource simpledrift
[38;5;73m[ citizen-server-impl] Started resource radialmenu
[38;5;161m[    c-scripting-core] Creating script environments for RealisticVehicleFailure
[38;5;73m[ citizen-server-impl] Started resource RealisticVehicleFailure
[38;5;161m[    c-scripting-core] Creating script environments for LegacyFuel
[38;5;73m[ citizen-server-impl] Started resource LegacyFuel
[38;5;161m[    c-scripting-core] Creating script environments for SimpleCarHUD
[38;5;73m[ citizen-server-impl] Started resource SimpleCarHUD
[38;5;161m[    c-scripting-core] Creating script environments for svehiclelocks
[38;5;73m[ citizen-server-impl] Started resource svehiclelocks
[38;5;161m[    c-scripting-core] Creating script environments for transfervehicle
[38;5;73m[ citizen-server-impl] Started resource transfervehicle
[38;5;161m[    c-scripting-core] Creating script environments for lsrp-motels
[38;5;73m[ citizen-server-impl] Started resource lsrp-motels
[38;5;161m[    c-scripting-core] Creating script environments for jsfour-idcard
[38;5;73m[ citizen-server-impl] Started resource jsfour-idcard
[38;5;161m[    c-scripting-core] Creating script environments for scr-ammo
[38;5;73m[ citizen-server-impl] Started resource scr-ammo
[38;5;73m[ citizen-server-impl] Started resource loadingscreen
[38;5;73m[ citizen-server-impl] Started resource teleport
[38;5;161m[    c-scripting-core] Creating script environments for ls-radio
[38;5;73m[ citizen-server-impl] Started resource ls-radio
[38;5;161m[    c-scripting-core] Creating script environments for saltychat
[38;5;75m[    script:saltychat] Instantiated instance of script SaltyServer.VoiceManager.
[38;5;73m[ citizen-server-impl] Started resource saltychat
[38;5;161m[    c-scripting-core] Creating script environments for nfw_wep
[38;5;73m[ citizen-server-impl] Started resource nfw_wep
[38;5;161m[    c-scripting-core] Creating script environments for salty_crafting
[38;5;73m[ citizen-server-impl] Started resource salty_crafting
[38;5;73m[ citizen-server-impl] Started resource weapon-holster
[38;5;73m[ citizen-server-impl] Started resource wep_damage
[38;5;161m[    c-scripting-core] Creating script environments for skd_core
[38;5;73m[ citizen-server-impl] Started resource skd_core
[38;5;161m[    c-scripting-core] Creating script environments for skd_starterpack
[38;5;73m[ citizen-server-impl] Started resource skd_starterpack
[38;5;161m[    c-scripting-core] Creating script environments for skd_treasure
[38;5;73m[ citizen-server-impl] Started resource skd_treasure
[38;5;161m[    c-scripting-core] Creating script environments for im_samsat
[38;5;73m[ citizen-server-impl] Started resource im_samsat
[38;5;161m[    c-scripting-core] Creating script environments for discordPresence
[38;5;73m[ citizen-server-impl] Started resource discordPresence
[38;5;73m[ citizen-server-impl] Asset CitizenVehicle/ambulance+hi.ytd uses 18.0 MiB of physical memory.
[38;5;73m[ citizen-server-impl] Asset CitizenVehicle/ambulance.ytd uses 17.5 MiB of physical memory.
[38;5;73m[ citizen-server-impl] Started resource CitizenVehicle
[38;5;73m[ citizen-server-impl] Asset CitizenClothes/mp_m_freemode_01^feet_diff_016_a_uni.ytd uses 64.0 MiB of physical memory. Oversized assets can and WILL lead to streaming issues (models not loading/rendering, commonly known as 'texture loss', 'city bug' or 'streaming isn't great').
[38;5;73m[ citizen-server-impl] Asset CitizenClothes/mp_m_freemode_01^feet_diff_016_b_uni.ytd uses 64.0 MiB of physical memory. Oversized assets can and WILL lead to streaming issues (models not loading/rendering, commonly known as 'texture loss', 'city bug' or 'streaming isn't great').
[38;5;73m[ citizen-server-impl] Asset CitizenClothes/mp_m_freemode_01^feet_diff_016_c_uni.ytd uses 64.0 MiB of physical memory. Oversized assets can and WILL lead to streaming issues (models not loading/rendering, commonly known as 'texture loss', 'city bug' or 'streaming isn't great').
[38;5;73m[ citizen-server-impl] Asset CitizenClothes/mp_m_freemode_01^feet_diff_051_g_uni.ytd uses 32.0 MiB of physical memory.
[38;5;73m[ citizen-server-impl] Asset CitizenClothes/mp_m_freemode_01^jbib_016_u.ydd uses 64.0 MiB of physical memory. Oversized assets can and WILL lead to streaming issues (models not loading/rendering, commonly known as 'texture loss', 'city bug' or 'streaming isn't great').
[38;5;73m[ citizen-server-impl] Asset CitizenClothes/mp_m_freemode_01_male_freemode_hipster^jbib_diff_002_a_uni.ytd uses 32.0 MiB of physical memory.
[38;5;73m[ citizen-server-impl] Asset CitizenClothes/mp_m_freemode_01_p^p_head_010.ydd uses 32.0 MiB of physical memory.
[38;5;73m[ citizen-server-impl] Asset CitizenClothes/mp_m_freemode_01_p^p_head_022.ydd uses 32.0 MiB of physical memory.
[38;5;73m[ citizen-server-impl] Started resource CitizenClothes
[38;5;73m[ citizen-server-impl] Asset CitizenWeapon/w_sb_compactsmg.ytd uses 24.0 MiB of physical memory.
[38;5;73m[ citizen-server-impl] Asset CitizenWeapon/w_sb_compactsmg_boxmag.ytd uses 24.0 MiB of physical memory.
[38;5;73m[ citizen-server-impl] Asset CitizenWeapon/w_sb_compactsmg_mag1.ytd uses 24.0 MiB of physical memory.
[38;5;73m[ citizen-server-impl] Asset CitizenWeapon/w_sb_compactsmg_mag2.ytd uses 24.0 MiB of physical memory.
[38;5;73m[ citizen-server-impl] Started resource CitizenWeapon
[38;5;73m[ citizen-server-impl] Started resource green-map
[38;5;73m[ citizen-server-impl] Asset texture-map/bkr_biker_dlc_int_01txd.ytd uses 33.6 MiB of physical memory.
[38;5;73m[ citizen-server-impl] Asset texture-map/bkr_biker_dlc_int_02_txd.ytd uses 24.5 MiB of physical memory.
[38;5;73m[ citizen-server-impl] Asset texture-map/cs3_04_structures+hi.ytd uses 19.8 MiB of physical memory.
[38;5;73m[ citizen-server-impl] Asset texture-map/hei_cs3_04_structures.ytd uses 17.0 MiB of physical memory.
[38;5;73m[ citizen-server-impl] Asset texture-map/prop_flags.ytd uses 28.0 MiB of physical memory.
[38;5;73m[ citizen-server-impl] Asset texture-map/slb2k11_cellblock.ytd uses 24.5 MiB of physical memory.
[38;5;73m[ citizen-server-impl] Asset texture-map/slb2k11_cellblock_deco.ytd uses 64.0 MiB of physical memory. Oversized assets can and WILL lead to streaming issues (models not loading/rendering, commonly known as 'texture loss', 'city bug' or 'streaming isn't great').
[38;5;73m[ citizen-server-impl] Started resource texture-map
[38;5;73m[ citizen-server-impl] Started resource cardealerimport
[38;5;73m[ citizen-server-impl] Asset pillbox/gabz_pillbox_textures_01.ytd uses 22.5 MiB of physical memory.
[38;5;73m[ citizen-server-impl] Started resource pillbox
[38;5;216m[              server] Warning: `onesync_enabled` is deprecated. Please use `onesync legacy` instead.
[38;5;216m[              server] Authenticating server license key...
[38;5;84m[      script:monitor] [txAdminClient] Threads and commands set up. All Ready.
[38;5;220m[  script:es_extended] [es_extended] [INFO] ESX developed by ESX-Org has been initialized
[38;5;79m[script:esx_advancedg] esx_advancedgarage: Parking Vehicles on restart is currently set to false.
[38;5;159m[  script:mysql-async] [mysql-async] [SUCCESS] Database server connection established.
[38;5;159m[  script:mysql-async] [MariaDB:10.5.9-MariaDB] [WARNING] [es_extended] [158ms] SELECT * FROM items : []
[38;5;159m[  script:mysql-async] [MariaDB:10.5.9-MariaDB] [WARNING] [esx_addoninventory] [165ms] SELECT * FROM items : []
[38;5;159m[  script:mysql-async] [MariaDB:10.5.9-MariaDB] [WARNING] [es_extended] [163ms] SELECT * FROM jobs : []
[38;5;159m[  script:mysql-async] [MariaDB:10.5.9-MariaDB] [WARNING] [esx_addonaccount] [165ms] SELECT * FROM addon_account : []
[38;5;159m[  script:mysql-async] [MariaDB:10.5.9-MariaDB] [WARNING] [esx_vehicleshopimport] [156ms] SELECT * FROM `vehicle_import_categories` : []
[38;5;159m[  script:mysql-async] [MariaDB:10.5.9-MariaDB] [WARNING] [esx_vehicleshopimport] [166ms] SELECT * FROM `vehicle_import_categories` : []
[38;5;29m[    script:esx_shops] esx_shops: invalid item "roti" found!
[38;5;29m[    script:esx_shops] esx_shops: invalid item "roti" found!
[38;5;29m[    script:esx_shops] esx_shops: invalid item "roti" found!
[38;5;159m[  script:mysql-async] [MariaDB:10.5.9-MariaDB] [WARNING] [esx_vehicleshopimport] [194ms] SELECT * FROM `vehicle_import_categories` : []
[38;5;159m[  script:mysql-async] [MariaDB:10.5.9-MariaDB] [WARNING] [esx_vehicleshopimport] [195ms] SELECT * FROM `vehicle_import_categories` : []
[38;5;159m[  script:mysql-async] [MariaDB:10.5.9-MariaDB] [WARNING] [esx_vehicleshopimport] [200ms] SELECT * FROM `vehicle_import_categories` : []
[38;5;159m[  script:mysql-async] [MariaDB:10.5.9-MariaDB] [WARNING] [esx_vehicleshopimport] [201ms] SELECT * FROM `vehicle_import_categories` : []
[38;5;159m[  script:mysql-async] [MariaDB:10.5.9-MariaDB] [WARNING] [esx_vehicleshopimport] [203ms] SELECT * FROM `vehicle_import_categories` : []
[38;5;159m[  script:mysql-async] [MariaDB:10.5.9-MariaDB] [WARNING] [esx_vehicleshopimport] [205ms] SELECT * FROM `vehicle_import_categories` : []
[38;5;159m[  script:mysql-async] [MariaDB:10.5.9-MariaDB] [WARNING] [esx_vehicleshopimport] [206ms] SELECT * FROM `vehicle_import_categories` : []
[38;5;159m[  script:mysql-async] [MariaDB:10.5.9-MariaDB] [WARNING] [esx_vehicleshopimport] [211ms] SELECT * FROM `vehicle_import_categories` : []
[38;5;159m[  script:mysql-async] [MariaDB:10.5.9-MariaDB] [WARNING] [esx_vehicleshopimport] [211ms] SELECT * FROM `vehicle_import_categories` : []
[38;5;159m[  script:mysql-async] [MariaDB:10.5.9-MariaDB] [WARNING] [esx_vehicleshopimport] [216ms] SELECT * FROM `vehicle_import_categories` : []
[38;5;159m[  script:mysql-async] [MariaDB:10.5.9-MariaDB] [WARNING] [esx_vehicleshopimport] [211ms] SELECT * FROM `vehicle_import_categories` : []
[38;5;159m[  script:mysql-async] [MariaDB:10.5.9-MariaDB] [WARNING] [esx_vehicleshopimport] [213ms] SELECT * FROM `vehicle_import_categories` : []
[38;5;159m[  script:mysql-async] [MariaDB:10.5.9-MariaDB] [WARNING] [esx_vehicleshopimport] [214ms] SELECT * FROM `vehicle_import_categories` : []
[38;5;159m[  script:mysql-async] [MariaDB:10.5.9-MariaDB] [WARNING] [esx_vehicleshopimport] [216ms] SELECT * FROM `vehicle_import_categories` : []
[38;5;159m[  script:mysql-async] [MariaDB:10.5.9-MariaDB] [WARNING] [esx_vehicleshopimport] [218ms] SELECT * FROM `vehicle_import_categories` : []
[38;5;159m[  script:mysql-async] [MariaDB:10.5.9-MariaDB] [WARNING] [esx_vehicleshopimport] [218ms] SELECT * FROM `vehicle_import_categories` : []
[38;5;159m[  script:mysql-async] [MariaDB:10.5.9-MariaDB] [WARNING] [esx_vehicleshopimport] [217ms] SELECT * FROM `vehicle_import_categories` : []
[38;5;159m[  script:mysql-async] [MariaDB:10.5.9-MariaDB] [WARNING] [esx_vehicleshopimport] [223ms] SELECT * FROM `vehicle_import_categories` : []
[38;5;159m[  script:mysql-async] [MariaDB:10.5.9-MariaDB] [WARNING] [esx_vehicleshopimport] [219ms] SELECT * FROM `vehicle_import_categories` : []
[38;5;159m[  script:mysql-async] [MariaDB:10.5.9-MariaDB] [WARNING] [esx_vehicleshopimport] [225ms] SELECT * FROM `vehicle_import_categories` : []
[38;5;159m[  script:mysql-async] [MariaDB:10.5.9-MariaDB] [WARNING] [esx_vehicleshopimport] [232ms] SELECT * FROM `vehicle_import_categories` : []
[38;5;159m[  script:mysql-async] [MariaDB:10.5.9-MariaDB] [WARNING] [esx_vehicleshopimport] [235ms] SELECT * FROM `vehicle_import_categories` : []
[38;5;159m[  script:mysql-async] [MariaDB:10.5.9-MariaDB] [WARNING] [esx_vehicleshopimport] [237ms] SELECT * FROM `vehicle_import_categories` : []
[38;5;159m[  script:mysql-async] [MariaDB:10.5.9-MariaDB] [WARNING] [esx_weaponshop] [238ms] SELECT * FROM weashops : []
[38;5;159m[  script:mysql-async] [MariaDB:10.5.9-MariaDB] [WARNING] [esx_datastore] [236ms] SELECT * FROM datastore : []
[38;5;159m[  script:mysql-async] [MariaDB:10.5.9-MariaDB] [WARNING] [esx_vehicleshopimport] [265ms] SELECT * FROM `vehicle_import_categories` : []
[38;5;159m[  script:mysql-async] [MariaDB:10.5.9-MariaDB] [WARNING] [esx_vehicleshopimport] [267ms] SELECT * FROM `vehicle_import_categories` : []
[38;5;159m[  script:mysql-async] [MariaDB:10.5.9-MariaDB] [WARNING] [esx_vehicleshopimport] [271ms] SELECT * FROM `vehicle_import_categories` : []
[38;5;159m[  script:mysql-async] [MariaDB:10.5.9-MariaDB] [WARNING] [esx_vehicleshopimport] [209ms] SELECT * FROM `vehicles_import` : []
[38;5;159m[  script:mysql-async] [MariaDB:10.5.9-MariaDB] [WARNING] [esx_vehicleshopimport] [215ms] SELECT * FROM `vehicles_import` : []
[38;5;159m[  script:mysql-async] [MariaDB:10.5.9-MariaDB] [WARNING] [esx_society] [282ms] SELECT * FROM jobs : []
[38;5;159m[  script:mysql-async] [MariaDB:10.5.9-MariaDB] [WARNING] [esx_vehicleshopimport] [231ms] SELECT * FROM `vehicles_import` : []
[38;5;159m[  script:mysql-async] [MariaDB:10.5.9-MariaDB] [WARNING] [esx_vehicleshopimport] [252ms] SELECT * FROM `vehicles_import` : []
[38;5;159m[  script:mysql-async] [MariaDB:10.5.9-MariaDB] [WARNING] [esx_vehicleshopimport] [259ms] SELECT * FROM `vehicles_import` : []
[38;5;159m[  script:mysql-async] [MariaDB:10.5.9-MariaDB] [WARNING] [esx_vehicleshopimport] [294ms] SELECT * FROM `vehicles_import` : []
[38;5;159m[  script:mysql-async] [MariaDB:10.5.9-MariaDB] [WARNING] [esx_vehicleshopimport] [300ms] SELECT * FROM `vehicles_import` : []
[38;5;159m[  script:mysql-async] [MariaDB:10.5.9-MariaDB] [WARNING] [esx_vehicleshopimport] [305ms] SELECT * FROM `vehicles_import` : []
[38;5;159m[  script:mysql-async] [MariaDB:10.5.9-MariaDB] [WARNING] [esx_vehicleshopimport] [388ms] SELECT * FROM `vehicle_import_categories` : []
[38;5;159m[  script:mysql-async] [MariaDB:10.5.9-MariaDB] [WARNING] [esx_vehicleshopimport] [322ms] SELECT * FROM `vehicles_import` : []
[38;5;159m[  script:mysql-async] [MariaDB:10.5.9-MariaDB] [WARNING] [esx_vehicleshopimport] [323ms] SELECT * FROM `vehicles_import` : []
[38;5;159m[  script:mysql-async] [MariaDB:10.5.9-MariaDB] [WARNING] [esx_vehicleshopimport] [331ms] SELECT * FROM `vehicles_import` : []
[38;5;159m[  script:mysql-async] [MariaDB:10.5.9-MariaDB] [WARNING] [esx_vehicleshopimport] [334ms] SELECT * FROM `vehicles_import` : []
[38;5;159m[  script:mysql-async] [MariaDB:10.5.9-MariaDB] [WARNING] [esx_vehicleshopimport] [336ms] SELECT * FROM `vehicles_import` : []
[38;5;159m[  script:mysql-async] [MariaDB:10.5.9-MariaDB] [WARNING] [es_extended] [273ms] SELECT * FROM job_grades : []
[38;5;220m[  script:es_extended] [es_extended] [WARNING] Ignoring job grades for "offcardealer" due to missing job
[38;5;220m[  script:es_extended] [es_extended] [WARNING] Ignoring job grades for "offcardealer" due to missing job
[38;5;220m[  script:es_extended] [es_extended] [WARNING] Ignoring job grades for "offcardealer" due to missing job
[38;5;220m[  script:es_extended] [es_extended] [WARNING] Ignoring job grades for "offcardealer" due to missing job
[38;5;159m[  script:mysql-async] [MariaDB:10.5.9-MariaDB] [WARNING] [esx_vehicleshopimport] [323ms] SELECT * FROM `vehicles_import` : []
[38;5;159m[  script:mysql-async] [MariaDB:10.5.9-MariaDB] [WARNING] [esx_vehicleshopimport] [338ms] SELECT * FROM `vehicles_import` : []
[38;5;159m[  script:mysql-async] [MariaDB:10.5.9-MariaDB] [WARNING] [esx_vehicleshop] [375ms] SELECT * FROM vehicles : []
[38;5;159m[  script:mysql-async] [MariaDB:10.5.9-MariaDB] [WARNING] [esx_vehicleshopimport] [375ms] SELECT * FROM `vehicles_import` : []
[38;5;159m[  script:mysql-async] [MariaDB:10.5.9-MariaDB] [WARNING] [esx_vehicleshopimport] [379ms] SELECT * FROM `vehicles_import` : []
[38;5;159m[  script:mysql-async] [MariaDB:10.5.9-MariaDB] [WARNING] [esx_vehicleshopimport] [386ms] SELECT * FROM `vehicles_import` : []
[38;5;159m[  script:mysql-async] [MariaDB:10.5.9-MariaDB] [WARNING] [esx_vehicleshopimport] [396ms] SELECT * FROM `vehicles_import` : []
[38;5;159m[  script:mysql-async] [MariaDB:10.5.9-MariaDB] [WARNING] [esx_vehicleshopimport] [480ms] SELECT * FROM `vehicles_import` : []
[38;5;159m[  script:mysql-async] [MariaDB:10.5.9-MariaDB] [WARNING] [esx_vehicleshopimport] [516ms] SELECT * FROM `vehicles_import` : []
[38;5;159m[  script:mysql-async] [MariaDB:10.5.9-MariaDB] [WARNING] [esx_vehicleshopimport] [440ms] SELECT * FROM `vehicles_import` : []
[38;5;159m[  script:mysql-async] [MariaDB:10.5.9-MariaDB] [WARNING] [esx_vehicleshopimport] [442ms] SELECT * FROM `vehicles_import` : []
[38;5;159m[  script:mysql-async] [MariaDB:10.5.9-MariaDB] [WARNING] [esx_vehicleshopimport] [409ms] SELECT * FROM `vehicles_import` : []
[38;5;159m[  script:mysql-async] [MariaDB:10.5.9-MariaDB] [WARNING] [esx_vehicleshopimport] [412ms] SELECT * FROM `vehicles_import` : []
[38;5;159m[  script:mysql-async] [MariaDB:10.5.9-MariaDB] [WARNING] [esx_vehicleshopimport] [368ms] SELECT * FROM `vehicles_import` : []
[38;5;159m[  script:mysql-async] [MariaDB:10.5.9-MariaDB] [WARNING] [esx_vehicleshopimport] [371ms] SELECT * FROM `vehicles_import` : []
[38;5;159m[  script:mysql-async] [MariaDB:10.5.9-MariaDB] [WARNING] [esx_vehicleshopimport] [372ms] SELECT * FROM `vehicles_import` : []
[38;5;159m[  script:mysql-async] [MariaDB:10.5.9-MariaDB] [WARNING] [esx_vehicleshopimport] [470ms] SELECT * FROM `vehicles_import` : []
[38;5;159m[  script:mysql-async] [MariaDB:10.5.9-MariaDB] [WARNING] [esx_addoninventory] [469ms] SELECT * FROM addon_inventory : []
[38;5;159m[  script:mysql-async] [MariaDB:10.5.9-MariaDB] [WARNING] [esx_vehicleshopimport] [511ms] SELECT * FROM `vehicles_import` : []
[38;5;159m[  script:mysql-async] [MariaDB:10.5.9-MariaDB] [WARNING] [esx_vehicleshopimport] [531ms] SELECT * FROM `vehicles_import` : []
[38;5;159m[  script:mysql-async] [MariaDB:10.5.9-MariaDB] [WARNING] [esx_vehicleshopimport] [438ms] SELECT * FROM `vehicles_import` : []
[38;5;159m[  script:mysql-async] [MariaDB:10.5.9-MariaDB] [WARNING] [esx_vehicleshopimport] [439ms] SELECT * FROM `vehicles_import` : []
[38;5;159m[  script:mysql-async] [MariaDB:10.5.9-MariaDB] [WARNING] [esx_addonaccount] [511ms] SELECT * FROM addon_account_data WHERE account_name = ? : ["caution"]
[38;5;159m[  script:mysql-async] [MariaDB:10.5.9-MariaDB] [WARNING] [esx_vehicleshopimport] [441ms] SELECT * FROM `vehicles_import` : []
[38;5;159m[  script:mysql-async] [MariaDB:10.5.9-MariaDB] [WARNING] [esx_vehicleshopimport] [442ms] SELECT * FROM `vehicles_import` : []
[38;5;159m[  script:mysql-async] [MariaDB:10.5.9-MariaDB] [WARNING] [esx_vehicleshopimport] [450ms] SELECT * FROM `vehicles_import` : []
[38;5;159m[  script:mysql-async] [MariaDB:10.5.9-MariaDB] [WARNING] [esx_vehicleshopimport] [453ms] SELECT * FROM `vehicles_import` : []
[38;5;159m[  script:mysql-async] [MariaDB:10.5.9-MariaDB] [WARNING] [esx_vehicleshopimport] [465ms] SELECT * FROM `vehicles_import` : []
[38;5;159m[  script:mysql-async] [MariaDB:10.5.9-MariaDB] [WARNING] [esx_vehicleshopimport] [468ms] SELECT * FROM `vehicles_import` : []
[38;5;159m[  script:mysql-async] [MariaDB:10.5.9-MariaDB] [WARNING] [esx_vehicleshopimport] [487ms] SELECT * FROM `vehicles_import` : []
[38;5;159m[  script:mysql-async] [MariaDB:10.5.9-MariaDB] [WARNING] [esx_vehicleshopimport] [491ms] SELECT * FROM `vehicles_import` : []
[38;5;159m[  script:mysql-async] [MariaDB:10.5.9-MariaDB] [WARNING] [esx_vehicleshopimport] [496ms] SELECT * FROM `vehicles_import` : []
[38;5;159m[  script:mysql-async] [MariaDB:10.5.9-MariaDB] [WARNING] [esx_vehicleshopimport] [497ms] SELECT * FROM `vehicles_import` : []
[38;5;159m[  script:mysql-async] [MariaDB:10.5.9-MariaDB] [WARNING] [esx_vehicleshopimport] [498ms] SELECT * FROM `vehicles_import` : []
[38;5;159m[  script:mysql-async] [MariaDB:10.5.9-MariaDB] [WARNING] [esx_vehicleshopimport] [504ms] SELECT * FROM `vehicles_import` : []
[38;5;159m[  script:mysql-async] [MariaDB:10.5.9-MariaDB] [WARNING] [esx_vehicleshopimport] [500ms] SELECT * FROM `vehicles_import` : []
[38;5;159m[  script:mysql-async] [MariaDB:10.5.9-MariaDB] [WARNING] [esx_vehicleshopimport] [511ms] SELECT * FROM `vehicles_import` : []
[38;5;159m[  script:mysql-async] [MariaDB:10.5.9-MariaDB] [WARNING] [esx_vehicleshopimport] [471ms] SELECT * FROM `vehicles_import` : []
[38;5;159m[  script:mysql-async] [MariaDB:10.5.9-MariaDB] [WARNING] [esx_vehicleshopimport] [473ms] SELECT * FROM `vehicles_import` : []
[38;5;159m[  script:mysql-async] [MariaDB:10.5.9-MariaDB] [WARNING] [esx_society] [460ms] SELECT * FROM job_grades : []
[38;5;230m[  script:esx_society] SCRIPT ERROR: @esx_society/server/main.lua:26: attempt to index a nil value (field '?')
[38;5;230m[  script:esx_society] > fn (@mysql-async/lib/MySQL.lua:226)
[38;5;159m[  script:mysql-async] [MariaDB:10.5.9-MariaDB] [WARNING] [esx_datastore] [556ms] SELECT * FROM datastore_data WHERE name = ? : ["motels"]
[38;5;159m[  script:mysql-async] [MariaDB:10.5.9-MariaDB] [WARNING] [esx_vehicleshopimport] [490ms] SELECT * FROM `vehicles_import` : []
[38;5;159m[  script:mysql-async] [MariaDB:10.5.9-MariaDB] [WARNING] [esx_vehicleshopimport] [326ms] SELECT * FROM `vehicle_import_categories` : []
[38;5;159m[  script:mysql-async] [MariaDB:10.5.9-MariaDB] [WARNING] [esx_addoninventory] [169ms] SELECT * FROM addon_inventory_items WHERE inventory_name = ? : ["motels"]
[38;5;159m[  script:mysql-async] [MariaDB:10.5.9-MariaDB] [WARNING] [esx_vehicleshopimport] [583ms] SELECT * FROM `vehicles_import` : []
[38;5;159m[  script:mysql-async] [MariaDB:10.5.9-MariaDB] [WARNING] [esx_vehicleshopimport] [439ms] SELECT * FROM `vehicle_import_categories` : []
[38;5;159m[  script:mysql-async] [MariaDB:10.5.9-MariaDB] [WARNING] [esx_vehicleshopimport] [367ms] SELECT * FROM `vehicle_import_categories` : []
[38;5;159m[  script:mysql-async] [MariaDB:10.5.9-MariaDB] [WARNING] [esx_vehicleshopimport] [581ms] SELECT * FROM `vehicles_import` : []
[38;5;159m[  script:mysql-async] [MariaDB:10.5.9-MariaDB] [WARNING] [esx_vehicleshopimport] [446ms] SELECT * FROM `vehicles_import` : []
[38;5;133m[     script:dpemotes] 
[38;5;133m[     script:dpemotes] dp Emotes (dpemotes) is up to date. (173)
[38;5;159m[  script:mysql-async] [MariaDB:10.5.9-MariaDB] [WARNING] [esx_vehicleshopimport] [183ms] SELECT * FROM `vehicles_import` : []
[38;5;159m[  script:mysql-async] [MariaDB:10.5.9-MariaDB] [WARNING] [esx_vehicleshopimport] [182ms] SELECT * FROM `vehicles_import` : []
[38;5;159m[  script:mysql-async] [MariaDB:10.5.9-MariaDB] [WARNING] [esx_addonaccount] [156ms] SELECT * FROM addon_account_data WHERE account_name = ? : ["society_ambulance"]
[38;5;159m[  script:mysql-async] [MariaDB:10.5.9-MariaDB] [WARNING] [esx_datastore] [154ms] SELECT * FROM datastore_data WHERE name = ? : ["society_ballas"]
[38;5;66m[          svadhesive] Server license key authentication succeeded. Welcome!
[38;5;159m[  script:mysql-async] [MariaDB:10.5.9-MariaDB] [WARNING] [esx_addonaccount] [170ms] SELECT * FROM addon_account_data WHERE account_name = ? : ["society_gang"]
[38;5;159m[  script:mysql-async] [MariaDB:10.5.9-MariaDB] [WARNING] [esx_addoninventory] [185ms] SELECT * FROM addon_inventory_items WHERE inventory_name = ? : ["vault"]
[38;5;159m[  script:mysql-async] [MariaDB:10.5.9-MariaDB] [WARNING] [esx_addonaccount] [263ms] SELECT * FROM addon_account_data WHERE account_name = ? : ["society_mafia_black_money"]
[38;5;159m[  script:mysql-async] [MariaDB:10.5.9-MariaDB] [WARNING] [esx_datastore] [327ms] SELECT * FROM datastore_data WHERE name = ? : ["society_theb"]
[38;5;73m[ citizen-server-impl] sync thread hitch warning: timer interval of 155 milliseconds
[38;5;73m[ citizen-server-impl] server thread hitch warning: timer interval of 160 milliseconds
[38;5;159m[  script:mysql-async] [MariaDB:10.5.9-MariaDB] [WARNING] [esx_addonaccount] [324ms] SELECT * FROM addon_account_data WHERE account_name = ? : ["society_mechanic"]
[38;5;159m[  script:mysql-async] [MariaDB:10.5.9-MariaDB] [WARNING] [esx_datastore] [308ms] SELECT * FROM datastore_data WHERE name = ? : ["society_vagos"]
[38;5;73m[ citizen-server-impl]         fff                          
[38;5;73m[ citizen-server-impl]   cccc ff   xx  xx     rr rr    eee  
[38;5;73m[ citizen-server-impl] cc     ffff   xx       rrr  r ee   e 
[38;5;73m[ citizen-server-impl] cc     ff     xx   ... rr     eeeee  
[38;5;73m[ citizen-server-impl]  ccccc ff   xx  xx ... rr      eeeee 
[38;5;73m[ citizen-server-impl]                                      
[38;5;73m[ citizen-server-impl] Authenticated with cfx.re Nucleus: https://boulevard-boys-qrgvbz.users.cfx.re/
[38;5;73m[ citizen-server-impl] server thread hitch warning: timer interval of 202 milliseconds
[38;5;159m[  script:mysql-async] [MariaDB:10.5.9-MariaDB] [WARNING] [esx_addonaccount] [277ms] SELECT * FROM addon_account_data WHERE account_name = ? : ["society_pedagang"]
[38;5;73m[ citizen-server-impl] sync thread hitch warning: timer interval of 158 milliseconds
[38;5;73m[ citizen-server-impl] sync thread hitch warning: timer interval of 151 milliseconds
[38;5;73m[ citizen-server-impl] server thread hitch warning: timer interval of 163 milliseconds
[38;5;159m[  script:mysql-async] [MariaDB:10.5.9-MariaDB] [WARNING] [esx_datastore] [366ms] SELECT * FROM datastore_data WHERE name = ? : ["vault"]
[38;5;73m[ citizen-server-impl] sync thread hitch warning: timer interval of 125 milliseconds
[38;5;73m[ citizen-server-impl] server thread hitch warning: timer interval of 206 milliseconds
[38;5;73m[ citizen-server-impl] sync thread hitch warning: timer interval of 431 milliseconds
[38;5;73m[ citizen-server-impl] server thread hitch warning: timer interval of 395 milliseconds
[38;5;159m[  script:mysql-async] [MariaDB:10.5.9-MariaDB] [WARNING] [esx_addonaccount] [604ms] SELECT * FROM addon_account_data WHERE account_name = ? : ["society_police"]
[38;5;73m[ citizen-server-impl] sync thread hitch warning: timer interval of 120 milliseconds
[38;5;73m[ citizen-server-impl] server thread hitch warning: timer interval of 229 milliseconds
[38;5;73m[ citizen-server-impl] sync thread hitch warning: timer interval of 166 milliseconds
[38;5;73m[ citizen-server-impl] sync thread hitch warning: timer interval of 198 milliseconds
[38;5;73m[ citizen-server-impl] -- [server notice: tebex_not_set]
[38;5;73m[ citizen-server-impl] ================
[38;5;73m[ citizen-server-impl] Monetize your server using Tebex! Visit https://tebex.io/fivem for more info.
[38;5;73m[ citizen-server-impl] ================
[38;5;73m[ citizen-server-impl] 
[38;5;159m[  script:mysql-async] [MariaDB:10.5.9-MariaDB] [WARNING] [esx_addonaccount] [294ms] SELECT * FROM addon_account_data WHERE account_name = ? : ["society_police_black_money"]
[38;5;73m[ citizen-server-impl] sync thread hitch warning: timer interval of 118 milliseconds
[38;5;143m[  citizen-server-gui] You can reopen the server GUI using the command svgui.
[38;5;73m[ citizen-server-impl] server thread hitch warning: timer interval of 195 milliseconds
[38;5;134m[      script:hardcap] Connecting: R`
[38;5;73m[ citizen-server-impl] sync thread hitch warning: timer interval of 172 milliseconds
[38;5;73m[ citizen-server-impl] server thread hitch warning: timer interval of 166 milliseconds
[38;5;73m[ citizen-server-impl] Sending heartbeat to https://servers-ingress-live.fivem.net/ingress
[38;5;73m[ citizen-server-impl] server thread hitch warning: timer interval of 552 milliseconds
[38;5;220m[  script:es_extended] [es_extended] [INFO] A player with name "Dian Nugroho" has connected to the server with assigned player id 1
[38;5;161m[    c-scripting-core] Creating script environments for esx_garbagecrew
[38;5;73m[ citizen-server-impl] Started resource esx_garbagecrew
[38;5;73m[ citizen-server-impl] Sending heartbeat to https://servers-ingress-live.fivem.net/ingress
[38;5;73m[ citizen-server-impl] Sending heartbeat to https://servers-ingress-live.fivem.net/ingress
[38;5;139m[script:esx_garbagecr] request recieved to payout for stop: vector3(342.8775, -1034.313, 28.33402)
[38;5;220m[  script:es_extended] [es_extended] [INFO] Saved player "Dian Nugroho"
[38;5;73m[ citizen-server-impl] sync thread hitch warning: timer interval of 109 milliseconds
[38;5;73m[ citizen-server-impl] server thread hitch warning: timer interval of 151 milliseconds
[38;5;73m[ citizen-server-impl] sync thread hitch warning: timer interval of 106 milliseconds
[38;5;73m[ citizen-server-impl] server thread hitch warning: timer interval of 171 milliseconds
[38;5;73m[ citizen-server-impl] sync thread hitch warning: timer interval of 127 milliseconds
[38;5;73m[ citizen-server-impl] sync thread hitch warning: timer interval of 120 milliseconds
[38;5;73m[ citizen-server-impl] server thread hitch warning: timer interval of 170 milliseconds
[38;5;73m[ citizen-server-impl] sync thread hitch warning: timer interval of 103 milliseconds
[38;5;73m[ citizen-server-impl] sync thread hitch warning: timer interval of 101 milliseconds
[38;5;73m[ citizen-server-impl] sync thread hitch warning: timer interval of 192 milliseconds
[38;5;73m[ citizen-server-impl] server thread hitch warning: timer interval of 289 milliseconds
[38;5;73m[ citizen-server-impl] sync thread hitch warning: timer interval of 142 milliseconds
[38;5;73m[ citizen-server-impl] sync thread hitch warning: timer interval of 164 milliseconds
[38;5;73m[ citizen-server-impl] server thread hitch warning: timer interval of 165 milliseconds
[38;5;73m[ citizen-server-impl] sync thread hitch warning: timer interval of 235 milliseconds
[38;5;73m[ citizen-server-impl] server thread hitch warning: timer interval of 265 milliseconds
[38;5;73m[ citizen-server-impl] sync thread hitch warning: timer interval of 124 milliseconds
[38;5;73m[ citizen-server-impl] server thread hitch warning: timer interval of 201 milliseconds
[38;5;73m[ citizen-server-impl] sync thread hitch warning: timer interval of 140 milliseconds
[38;5;73m[ citizen-server-impl] sync thread hitch warning: timer interval of 116 milliseconds
[38;5;73m[ citizen-server-impl] sync thread hitch warning: timer interval of 174 milliseconds
[38;5;73m[ citizen-server-impl] server thread hitch warning: timer interval of 173 milliseconds
[38;5;73m[ citizen-server-impl] sync thread hitch warning: timer interval of 139 milliseconds
[38;5;73m[ citizen-server-impl] server thread hitch warning: timer interval of 158 milliseconds
[38;5;73m[ citizen-server-impl] sync thread hitch warning: timer interval of 218 milliseconds
[38;5;73m[ citizen-server-impl] server thread hitch warning: timer interval of 287 milliseconds
[38;5;73m[ citizen-server-impl] sync thread hitch warning: timer interval of 104 milliseconds
